<?xml version="1.0" encoding="UTF-8"?>
<testsuite xmlns:xsi="http://www.w3.org/2001/XMLSchema-instance" xsi:noNamespaceSchemaLocation="https://maven.apache.org/surefire/maven-surefire-plugin/xsd/surefire-test-report-3.0.xsd" version="3.0" name="TestSuite" time="11.086" tests="12" errors="0" skipped="0" failures="0">
  <properties>
[...]
</properties>
  <testcase name="testSuccessfulLogin" classname="com.automation.examples.tests.SauceDemoTest" time="0.936">
    <system-out><![CDATA[2026-02-04 00:54:03.004 [main] INFO  com.automation.core.config.ConfigManager - Configuration loaded successfully
2026-02-04 00:54:03.054 [main] INFO  com.automation.tests.BaseTest - Reporting configured
2026-02-04 00:54:03.055 [main] INFO  com.automation.tests.BaseTest - Test suite started
2026-02-04 00:54:03.065 [TestNG-tests-1] INFO  com.automation.tests.BaseTest - Starting test class: SauceDemoTest
2026-02-04 00:54:03.065 [TestNG-tests-2] INFO  com.automation.tests.BaseTest - Starting test class: PetStoreAPITest
2026-02-04 00:54:03.069 [TestNG-tests-1] INFO  com.automation.tests.BaseTest - Starting test: testSuccessfulLogin
2026-02-04 00:54:03.071 [TestNG-tests-1] INFO  com.automation.core.browser.DriverFactory - Creating chrome driver instance
2026-02-04 00:54:03.137 [TestNG-tests-2] INFO  com.automation.core.api.APIClient - API Client initialized with base URL: https://api.example.com
2026-02-04 00:54:03.137 [TestNG-tests-2] INFO  com.automation.core.api.APIClient - Base URL updated to: https://petstore.swagger.io/v2
2026-02-04 00:54:03.138 [TestNG-tests-2] INFO  com.automation.tests.BaseTest - Starting test: testCreatePet
2026-02-04 00:54:03.138 [TestNG-tests-2] INFO  com.automation.core.browser.DriverFactory - Creating chrome driver instance
2026-02-04 00:54:03.209 [TestNG-tests-2] INFO  io.github.bonigarcia.wdm.WebDriverManager - Using chromedriver 144.0.7559.109 (resolved driver for Chrome 144)
2026-02-04 00:54:03.209 [TestNG-tests-1] INFO  io.github.bonigarcia.wdm.WebDriverManager - Using chromedriver 144.0.7559.109 (resolved driver for Chrome 144)
2026-02-04 00:54:03.217 [TestNG-tests-2] INFO  io.github.bonigarcia.wdm.WebDriverManager - Exporting webdriver.chrome.driver as /Users/mitsram/.cache/selenium/chromedriver/mac-arm64/144.0.7559.109/chromedriver
2026-02-04 00:54:03.217 [TestNG-tests-1] INFO  io.github.bonigarcia.wdm.WebDriverManager - Exporting webdriver.chrome.driver as /Users/mitsram/.cache/selenium/chromedriver/mac-arm64/144.0.7559.109/chromedriver
2026-02-04 00:54:04.440 [TestNG-tests-1] INFO  com.automation.core.browser.DriverFactory - Driver configured successfully
2026-02-04 00:54:04.440 [TestNG-tests-2] INFO  com.automation.core.browser.DriverFactory - Driver configured successfully
2026-02-04 00:54:04.443 [TestNG-tests-2] INFO  com.automation.tests.BaseTest - Creating new pet with ID: 1770119643137
2026-02-04 00:54:04.449 [TestNG-tests-1] INFO  com.automation.tests.BaseTest - Starting successful login test
2026-02-04 00:54:04.450 [TestNG-tests-1] INFO  com.automation.workflows.BaseWorkflow - Workflow Step: Navigating to Saucedemo login page
2026-02-04 00:54:04.463 [TestNG-tests-2] INFO  com.automation.core.api.APIClient - POST request to: https://petstore.swagger.io/v2/pet
2026-02-04 00:54:05.032 [TestNG-tests-1] INFO  com.automation.core.actions.WebActions - Navigated to URL: https://www.saucedemo.com
2026-02-04 00:54:05.032 [TestNG-tests-1] INFO  com.automation.pages.BasePage - Navigated to: https://www.saucedemo.com
2026-02-04 00:54:05.032 [TestNG-tests-1] INFO  com.automation.workflows.BaseWorkflow - Workflow Step: Verifying login page is loaded
2026-02-04 00:54:05.069 [TestNG-tests-1] INFO  com.automation.workflows.BaseWorkflow - Workflow Step: Logging in with username: standard_user
2026-02-04 00:54:05.175 [TestNG-tests-1] INFO  com.automation.core.elements.Element - Typed 'standard_user' into element 'Username Field'
2026-02-04 00:54:05.260 [TestNG-tests-1] INFO  com.automation.core.elements.Element - Typed 'secret_sauce' into element 'Password Field'
2026-02-04 00:54:05.307 [TestNG-tests-1] INFO  com.automation.core.elements.Element - Clicked on element 'Login Button'
2026-02-04 00:54:05.307 [TestNG-tests-1] INFO  com.automation.workflows.BaseWorkflow - Workflow Step: Verifying successful login
2026-02-04 00:54:05.360 [TestNG-tests-1] INFO  com.automation.workflows.BaseWorkflow - Workflow Step: Getting products page title
2026-02-04 00:54:05.375 [TestNG-tests-1] INFO  com.automation.tests.BaseTest - Login test completed successfully
]]></system-out>
    <system-err><![CDATA[Feb 04, 2026 12:54:04 AM org.openqa.selenium.devtools.CdpVersionFinder findNearestMatch
WARNING: Unable to find CDP implementation matching 144
Feb 04, 2026 12:54:04 AM org.openqa.selenium.devtools.CdpVersionFinder findNearestMatch
WARNING: Unable to find CDP implementation matching 144
Feb 04, 2026 12:54:04 AM org.openqa.selenium.chromium.ChromiumDriver lambda$new$5
WARNING: Unable to find version of CDP to use for 144.0.7559.110. You may need to include a dependency on a specific version of the CDP using something similar to `org.seleniumhq.selenium:selenium-devtools-v86:4.18.1` where the version ("v86") matches the version of the chromium-based browser you're using and the version number of the artifact is the same as Selenium's.
Feb 04, 2026 12:54:04 AM org.openqa.selenium.chromium.ChromiumDriver lambda$new$5
WARNING: Unable to find version of CDP to use for 144.0.7559.110. You may need to include a dependency on a specific version of the CDP using something similar to `org.seleniumhq.selenium:selenium-devtools-v86:4.18.1` where the version ("v86") matches the version of the chromium-based browser you're using and the version number of the artifact is the same as Selenium's.
]]></system-err>
  </testcase>
  <testcase name="testInvalidLogin" classname="com.automation.examples.tests.SauceDemoTest" time="0.89">
    <system-out><![CDATA[2026-02-04 00:54:06.681 [TestNG-tests-2] INFO  com.automation.tests.BaseTest - Test passed: testGetPet
2026-02-04 00:54:06.767 [TestNG-tests-2] INFO  com.automation.core.browser.DriverManager - Driver quit successfully for thread: 38
2026-02-04 00:54:06.768 [TestNG-tests-2] INFO  com.automation.tests.BaseTest - Finished test: testGetPet
2026-02-04 00:54:06.768 [TestNG-tests-2] INFO  com.automation.tests.BaseTest - Starting test: testUpdatePet
2026-02-04 00:54:06.769 [TestNG-tests-2] INFO  com.automation.core.browser.DriverFactory - Creating chrome driver instance
2026-02-04 00:54:06.772 [TestNG-tests-2] INFO  io.github.bonigarcia.wdm.WebDriverManager - Using chromedriver 144.0.7559.109 (resolved driver for Chrome 144)
2026-02-04 00:54:06.774 [TestNG-tests-2] INFO  io.github.bonigarcia.wdm.WebDriverManager - Exporting webdriver.chrome.driver as /Users/mitsram/.cache/selenium/chromedriver/mac-arm64/144.0.7559.109/chromedriver
2026-02-04 00:54:06.978 [TestNG-tests-1] INFO  com.automation.core.actions.WebActions - Navigated to URL: https://www.saucedemo.com
2026-02-04 00:54:06.981 [TestNG-tests-1] INFO  com.automation.pages.BasePage - Navigated to: https://www.saucedemo.com
2026-02-04 00:54:06.985 [TestNG-tests-1] INFO  com.automation.workflows.BaseWorkflow - Workflow Step: Verifying login page is loaded
2026-02-04 00:54:07.006 [TestNG-tests-1] INFO  com.automation.workflows.BaseWorkflow - Workflow Step: Logging in with username: invalid_user
2026-02-04 00:54:07.175 [TestNG-tests-1] INFO  com.automation.core.elements.Element - Typed 'invalid_user' into element 'Username Field'
2026-02-04 00:54:07.254 [TestNG-tests-1] INFO  com.automation.core.elements.Element - Typed 'wrong_password' into element 'Password Field'
2026-02-04 00:54:07.300 [TestNG-tests-1] INFO  com.automation.core.elements.Element - Clicked on element 'Login Button'
2026-02-04 00:54:07.300 [TestNG-tests-1] INFO  com.automation.workflows.BaseWorkflow - Workflow Step: Checking if error message is displayed
2026-02-04 00:54:07.310 [TestNG-tests-1] INFO  com.automation.workflows.BaseWorkflow - Workflow Step: Getting login error message
2026-02-04 00:54:07.353 [TestNG-tests-1] INFO  com.automation.tests.BaseTest - Invalid login test completed successfully
]]></system-out>
    <system-err><![CDATA[Feb 04, 2026 12:54:07 AM org.openqa.selenium.devtools.CdpVersionFinder findNearestMatch
WARNING: Unable to find CDP implementation matching 144
Feb 04, 2026 12:54:07 AM org.openqa.selenium.chromium.ChromiumDriver lambda$new$5
WARNING: Unable to find version of CDP to use for 144.0.7559.110. You may need to include a dependency on a specific version of the CDP using something similar to `org.seleniumhq.selenium:selenium-devtools-v86:4.18.1` where the version ("v86") matches the version of the chromium-based browser you're using and the version number of the artifact is the same as Selenium's.
]]></system-err>
  </testcase>
  <testcase name="testLockedOutUser" classname="com.automation.examples.tests.SauceDemoTest" time="0.299">
    <system-out><![CDATA[2026-02-04 00:54:07.960 [TestNG-tests-2] INFO  com.automation.tests.BaseTest - Test passed: testUpdatePet
2026-02-04 00:54:08.035 [TestNG-tests-2] INFO  com.automation.core.browser.DriverManager - Driver quit successfully for thread: 38
2026-02-04 00:54:08.035 [TestNG-tests-2] INFO  com.automation.tests.BaseTest - Finished test: testUpdatePet
2026-02-04 00:54:08.036 [TestNG-tests-2] INFO  com.automation.tests.BaseTest - Starting test: testFindPetsByStatus
2026-02-04 00:54:08.036 [TestNG-tests-2] INFO  com.automation.core.browser.DriverFactory - Creating chrome driver instance
2026-02-04 00:54:08.039 [TestNG-tests-2] INFO  io.github.bonigarcia.wdm.WebDriverManager - Using chromedriver 144.0.7559.109 (resolved driver for Chrome 144)
2026-02-04 00:54:08.041 [TestNG-tests-2] INFO  io.github.bonigarcia.wdm.WebDriverManager - Exporting webdriver.chrome.driver as /Users/mitsram/.cache/selenium/chromedriver/mac-arm64/144.0.7559.109/chromedriver
2026-02-04 00:54:08.334 [TestNG-tests-1] INFO  com.automation.core.browser.DriverFactory - Driver configured successfully
2026-02-04 00:54:08.335 [TestNG-tests-1] INFO  com.automation.tests.BaseTest - Starting locked out user test
2026-02-04 00:54:08.336 [TestNG-tests-1] INFO  com.automation.workflows.BaseWorkflow - Workflow Step: Navigating to Saucedemo login page
2026-02-04 00:54:08.872 [TestNG-tests-2] INFO  com.automation.core.browser.DriverFactory - Driver configured successfully
2026-02-04 00:54:08.873 [TestNG-tests-2] INFO  com.automation.tests.BaseTest - Finding pets by status: available
2026-02-04 00:54:08.873 [TestNG-tests-2] INFO  com.automation.core.api.APIClient - GET request to: https://petstore.swagger.io/v2/pet/findByStatus?status=available
2026-02-04 00:54:08.923 [TestNG-tests-1] INFO  com.automation.core.actions.WebActions - Navigated to URL: https://www.saucedemo.com
2026-02-04 00:54:08.925 [TestNG-tests-1] INFO  com.automation.pages.BasePage - Navigated to: https://www.saucedemo.com
2026-02-04 00:54:08.925 [TestNG-tests-1] INFO  com.automation.workflows.BaseWorkflow - Workflow Step: Verifying login page is loaded
2026-02-04 00:54:08.945 [TestNG-tests-1] INFO  com.automation.workflows.BaseWorkflow - Workflow Step: Logging in with username: locked_out_user
2026-02-04 00:54:09.039 [TestNG-tests-1] INFO  com.automation.core.elements.Element - Typed 'locked_out_user' into element 'Username Field'
2026-02-04 00:54:09.116 [TestNG-tests-1] INFO  com.automation.core.elements.Element - Typed 'secret_sauce' into element 'Password Field'
2026-02-04 00:54:09.151 [TestNG-tests-1] INFO  com.automation.core.elements.Element - Clicked on element 'Login Button'
2026-02-04 00:54:09.151 [TestNG-tests-1] INFO  com.automation.workflows.BaseWorkflow - Workflow Step: Checking if error message is displayed
2026-02-04 00:54:09.159 [TestNG-tests-1] INFO  com.automation.workflows.BaseWorkflow - Workflow Step: Getting login error message
2026-02-04 00:54:09.171 [TestNG-tests-1] INFO  com.automation.tests.BaseTest - Locked out user test completed successfully
]]></system-out>
    <system-err><![CDATA[Feb 04, 2026 12:54:08 AM org.openqa.selenium.devtools.CdpVersionFinder findNearestMatch
WARNING: Unable to find CDP implementation matching 144
Feb 04, 2026 12:54:08 AM org.openqa.selenium.chromium.ChromiumDriver lambda$new$5
WARNING: Unable to find version of CDP to use for 144.0.7559.110. You may need to include a dependency on a specific version of the CDP using something similar to `org.seleniumhq.selenium:selenium-devtools-v86:4.18.1` where the version ("v86") matches the version of the chromium-based browser you're using and the version number of the artifact is the same as Selenium's.
]]></system-err>
  </testcase>
  <testcase name="testProductCount" classname="com.automation.examples.tests.SauceDemoTest" time="0.528">
    <system-out><![CDATA[2026-02-04 00:54:11.030 [TestNG-tests-2] INFO  com.automation.tests.BaseTest - Test passed: testDeletePet
2026-02-04 00:54:11.101 [TestNG-tests-1] INFO  com.automation.core.elements.Element - Clicked on element 'Login Button'
2026-02-04 00:54:11.101 [TestNG-tests-1] INFO  com.automation.workflows.BaseWorkflow - Workflow Step: Getting product count
2026-02-04 00:54:11.120 [TestNG-tests-1] INFO  com.automation.tests.BaseTest - Product count: 6
]]></system-out>
  </testcase>
  <testcase name="testAddToCart" classname="com.automation.examples.tests.SauceDemoTest" time="0.932">
    <system-out><![CDATA[2026-02-04 00:54:12.253 [TestNG-tests-2] INFO  com.automation.tests.BaseTest - Test passed: testGetNonExistentPet
2026-02-04 00:54:12.336 [TestNG-tests-2] INFO  com.automation.core.browser.DriverManager - Driver quit successfully for thread: 38
2026-02-04 00:54:12.336 [TestNG-tests-2] INFO  com.automation.tests.BaseTest - Finished test: testGetNonExistentPet
2026-02-04 00:54:12.337 [TestNG-tests-2] INFO  com.automation.tests.BaseTest - Starting test: testGetStoreInventory
2026-02-04 00:54:12.337 [TestNG-tests-2] INFO  com.automation.core.browser.DriverFactory - Creating chrome driver instance
2026-02-04 00:54:12.340 [TestNG-tests-2] INFO  io.github.bonigarcia.wdm.WebDriverManager - Using chromedriver 144.0.7559.109 (resolved driver for Chrome 144)
2026-02-04 00:54:12.342 [TestNG-tests-2] INFO  io.github.bonigarcia.wdm.WebDriverManager - Exporting webdriver.chrome.driver as /Users/mitsram/.cache/selenium/chromedriver/mac-arm64/144.0.7559.109/chromedriver
2026-02-04 00:54:12.690 [TestNG-tests-1] INFO  com.automation.core.actions.WebActions - Navigated to URL: https://www.saucedemo.com
2026-02-04 00:54:12.695 [TestNG-tests-1] INFO  com.automation.pages.BasePage - Navigated to: https://www.saucedemo.com
2026-02-04 00:54:12.700 [TestNG-tests-1] INFO  com.automation.workflows.BaseWorkflow - Workflow Step: Verifying login page is loaded
2026-02-04 00:54:12.725 [TestNG-tests-1] INFO  com.automation.workflows.BaseWorkflow - Workflow Step: Logging in with username: standard_user
2026-02-04 00:54:12.844 [TestNG-tests-1] INFO  com.automation.core.elements.Element - Typed 'standard_user' into element 'Username Field'
2026-02-04 00:54:12.883 [TestNG-tests-1] INFO  com.automation.core.elements.Element - Typed 'secret_sauce' into element 'Password Field'
2026-02-04 00:54:12.974 [TestNG-tests-1] INFO  com.automation.core.elements.Element - Clicked on element 'Login Button'
2026-02-04 00:54:12.974 [TestNG-tests-1] INFO  com.automation.workflows.BaseWorkflow - Workflow Step: Adding first product to cart
2026-02-04 00:54:13.015 [TestNG-tests-1] INFO  com.automation.core.elements.Element - Clicked on element 'First Product Add Button'
2026-02-04 00:54:13.015 [TestNG-tests-1] INFO  com.automation.workflows.BaseWorkflow - Workflow Step: Verifying cart badge is displayed
2026-02-04 00:54:13.024 [TestNG-tests-1] INFO  com.automation.workflows.BaseWorkflow - Workflow Step: Getting cart item count
2026-02-04 00:54:13.038 [TestNG-tests-1] INFO  com.automation.tests.BaseTest - Add to cart test completed successfully
]]></system-out>
    <system-err><![CDATA[Feb 04, 2026 12:54:12 AM org.openqa.selenium.devtools.CdpVersionFinder findNearestMatch
WARNING: Unable to find CDP implementation matching 144
Feb 04, 2026 12:54:12 AM org.openqa.selenium.chromium.ChromiumDriver lambda$new$5
WARNING: Unable to find version of CDP to use for 144.0.7559.110. You may need to include a dependency on a specific version of the CDP using something similar to `org.seleniumhq.selenium:selenium-devtools-v86:4.18.1` where the version ("v86") matches the version of the chromium-based browser you're using and the version number of the artifact is the same as Selenium's.
]]></system-err>
  </testcase>
  <testcase name="testCreatePet" classname="com.automation.examples.api.PetStoreAPITest" time="1.019">
    <system-out><![CDATA[2026-02-04 00:54:05.377 [TestNG-tests-1] INFO  com.automation.tests.BaseTest - Test passed: testSuccessfulLogin
2026-02-04 00:54:05.459 [TestNG-tests-2] INFO  com.automation.core.api.APIClient - Response received - Status: 200, Body length: 146
2026-02-04 00:54:05.460 [TestNG-tests-2] INFO  com.automation.tests.BaseTest - Pet created successfully
]]></system-out>
  </testcase>
  <testcase name="testGetPet" classname="com.automation.examples.api.PetStoreAPITest" time="0.217">
    <system-out><![CDATA[2026-02-04 00:54:05.461 [TestNG-tests-2] INFO  com.automation.tests.BaseTest - Test passed: testCreatePet
2026-02-04 00:54:05.468 [TestNG-tests-1] INFO  com.automation.core.browser.DriverManager - Driver quit successfully for thread: 37
2026-02-04 00:54:05.468 [TestNG-tests-1] INFO  com.automation.tests.BaseTest - Finished test: testSuccessfulLogin
2026-02-04 00:54:05.469 [TestNG-tests-1] INFO  com.automation.tests.BaseTest - Starting test: testInvalidLogin
2026-02-04 00:54:05.470 [TestNG-tests-1] INFO  com.automation.core.browser.DriverFactory - Creating chrome driver instance
2026-02-04 00:54:05.473 [TestNG-tests-1] INFO  io.github.bonigarcia.wdm.WebDriverManager - Using chromedriver 144.0.7559.109 (resolved driver for Chrome 144)
2026-02-04 00:54:05.476 [TestNG-tests-1] INFO  io.github.bonigarcia.wdm.WebDriverManager - Exporting webdriver.chrome.driver as /Users/mitsram/.cache/selenium/chromedriver/mac-arm64/144.0.7559.109/chromedriver
2026-02-04 00:54:05.549 [TestNG-tests-2] INFO  com.automation.core.browser.DriverManager - Driver quit successfully for thread: 38
2026-02-04 00:54:05.549 [TestNG-tests-2] INFO  com.automation.tests.BaseTest - Finished test: testCreatePet
2026-02-04 00:54:05.551 [TestNG-tests-2] INFO  com.automation.tests.BaseTest - Starting test: testGetPet
2026-02-04 00:54:05.551 [TestNG-tests-2] INFO  com.automation.core.browser.DriverFactory - Creating chrome driver instance
2026-02-04 00:54:05.555 [TestNG-tests-2] INFO  io.github.bonigarcia.wdm.WebDriverManager - Using chromedriver 144.0.7559.109 (resolved driver for Chrome 144)
2026-02-04 00:54:05.560 [TestNG-tests-2] INFO  io.github.bonigarcia.wdm.WebDriverManager - Exporting webdriver.chrome.driver as /Users/mitsram/.cache/selenium/chromedriver/mac-arm64/144.0.7559.109/chromedriver
2026-02-04 00:54:06.409 [TestNG-tests-1] INFO  com.automation.core.browser.DriverFactory - Driver configured successfully
2026-02-04 00:54:06.410 [TestNG-tests-1] INFO  com.automation.tests.BaseTest - Starting invalid login test
2026-02-04 00:54:06.410 [TestNG-tests-1] INFO  com.automation.workflows.BaseWorkflow - Workflow Step: Navigating to Saucedemo login page
2026-02-04 00:54:06.463 [TestNG-tests-2] INFO  com.automation.core.browser.DriverFactory - Driver configured successfully
2026-02-04 00:54:06.465 [TestNG-tests-2] INFO  com.automation.tests.BaseTest - Getting pet with ID: 1770119643137
2026-02-04 00:54:06.465 [TestNG-tests-2] INFO  com.automation.core.api.APIClient - GET request to: https://petstore.swagger.io/v2/pet/1770119643137
2026-02-04 00:54:06.680 [TestNG-tests-2] INFO  com.automation.core.api.APIClient - Response received - Status: 200, Body length: 146
2026-02-04 00:54:06.681 [TestNG-tests-2] INFO  com.automation.tests.BaseTest - Pet retrieved successfully
]]></system-out>
    <system-err><![CDATA[Feb 04, 2026 12:54:06 AM org.openqa.selenium.devtools.CdpVersionFinder findNearestMatch
WARNING: Unable to find CDP implementation matching 144
Feb 04, 2026 12:54:06 AM org.openqa.selenium.chromium.ChromiumDriver lambda$new$5
WARNING: Unable to find version of CDP to use for 144.0.7559.110. You may need to include a dependency on a specific version of the CDP using something similar to `org.seleniumhq.selenium:selenium-devtools-v86:4.18.1` where the version ("v86") matches the version of the chromium-based browser you're using and the version number of the artifact is the same as Selenium's.
Feb 04, 2026 12:54:06 AM org.openqa.selenium.devtools.CdpVersionFinder findNearestMatch
WARNING: Unable to find CDP implementation matching 144
Feb 04, 2026 12:54:06 AM org.openqa.selenium.chromium.ChromiumDriver lambda$new$5
WARNING: Unable to find version of CDP to use for 144.0.7559.110. You may need to include a dependency on a specific version of the CDP using something similar to `org.seleniumhq.selenium:selenium-devtools-v86:4.18.1` where the version ("v86") matches the version of the chromium-based browser you're using and the version number of the artifact is the same as Selenium's.
]]></system-err>
  </testcase>
  <testcase name="testUpdatePet" classname="com.automation.examples.api.PetStoreAPITest" time="0.218">
    <system-out><![CDATA[2026-02-04 00:54:07.354 [TestNG-tests-1] INFO  com.automation.tests.BaseTest - Test passed: testInvalidLogin
2026-02-04 00:54:07.439 [TestNG-tests-1] INFO  com.automation.core.browser.DriverManager - Driver quit successfully for thread: 37
2026-02-04 00:54:07.439 [TestNG-tests-1] INFO  com.automation.tests.BaseTest - Finished test: testInvalidLogin
2026-02-04 00:54:07.440 [TestNG-tests-1] INFO  com.automation.tests.BaseTest - Starting test: testLockedOutUser
2026-02-04 00:54:07.440 [TestNG-tests-1] INFO  com.automation.core.browser.DriverFactory - Creating chrome driver instance
2026-02-04 00:54:07.442 [TestNG-tests-1] INFO  io.github.bonigarcia.wdm.WebDriverManager - Using chromedriver 144.0.7559.109 (resolved driver for Chrome 144)
2026-02-04 00:54:07.444 [TestNG-tests-1] INFO  io.github.bonigarcia.wdm.WebDriverManager - Exporting webdriver.chrome.driver as /Users/mitsram/.cache/selenium/chromedriver/mac-arm64/144.0.7559.109/chromedriver
2026-02-04 00:54:07.741 [TestNG-tests-2] INFO  com.automation.core.browser.DriverFactory - Driver configured successfully
2026-02-04 00:54:07.742 [TestNG-tests-2] INFO  com.automation.tests.BaseTest - Updating pet with ID: 1770119643137
2026-02-04 00:54:07.743 [TestNG-tests-2] INFO  com.automation.core.api.APIClient - PUT request to: https://petstore.swagger.io/v2/pet
2026-02-04 00:54:07.959 [TestNG-tests-2] INFO  com.automation.core.api.APIClient - Response received - Status: 200, Body length: 157
2026-02-04 00:54:07.960 [TestNG-tests-2] INFO  com.automation.tests.BaseTest - Pet updated successfully
]]></system-out>
    <system-err><![CDATA[Feb 04, 2026 12:54:07 AM org.openqa.selenium.devtools.CdpVersionFinder findNearestMatch
WARNING: Unable to find CDP implementation matching 144
Feb 04, 2026 12:54:07 AM org.openqa.selenium.chromium.ChromiumDriver lambda$new$5
WARNING: Unable to find version of CDP to use for 144.0.7559.110. You may need to include a dependency on a specific version of the CDP using something similar to `org.seleniumhq.selenium:selenium-devtools-v86:4.18.1` where the version ("v86") matches the version of the chromium-based browser you're using and the version number of the artifact is the same as Selenium's.
]]></system-err>
  </testcase>
  <testcase name="testFindPetsByStatus" classname="com.automation.examples.api.PetStoreAPITest" time="0.714">
    <system-out><![CDATA[2026-02-04 00:54:09.172 [TestNG-tests-1] INFO  com.automation.tests.BaseTest - Test passed: testLockedOutUser
2026-02-04 00:54:09.256 [TestNG-tests-1] INFO  com.automation.core.browser.DriverManager - Driver quit successfully for thread: 37
2026-02-04 00:54:09.256 [TestNG-tests-1] INFO  com.automation.tests.BaseTest - Finished test: testLockedOutUser
2026-02-04 00:54:09.256 [TestNG-tests-1] INFO  com.automation.tests.BaseTest - Starting test: testProductCount
2026-02-04 00:54:09.256 [TestNG-tests-1] INFO  com.automation.core.browser.DriverFactory - Creating chrome driver instance
2026-02-04 00:54:09.259 [TestNG-tests-1] INFO  io.github.bonigarcia.wdm.WebDriverManager - Using chromedriver 144.0.7559.109 (resolved driver for Chrome 144)
2026-02-04 00:54:09.260 [TestNG-tests-1] INFO  io.github.bonigarcia.wdm.WebDriverManager - Exporting webdriver.chrome.driver as /Users/mitsram/.cache/selenium/chromedriver/mac-arm64/144.0.7559.109/chromedriver
2026-02-04 00:54:09.585 [TestNG-tests-2] INFO  com.automation.core.api.APIClient - Response received - Status: 200, Body length: 85262
2026-02-04 00:54:09.586 [TestNG-tests-2] INFO  com.automation.tests.BaseTest - Pets found by status successfully
]]></system-out>
  </testcase>
  <testcase name="testDeletePet" classname="com.automation.examples.api.PetStoreAPITest" time="0.437">
    <system-out><![CDATA[2026-02-04 00:54:09.587 [TestNG-tests-2] INFO  com.automation.tests.BaseTest - Test passed: testFindPetsByStatus
2026-02-04 00:54:09.712 [TestNG-tests-2] INFO  com.automation.core.browser.DriverManager - Driver quit successfully for thread: 38
2026-02-04 00:54:09.712 [TestNG-tests-2] INFO  com.automation.tests.BaseTest - Finished test: testFindPetsByStatus
2026-02-04 00:54:09.713 [TestNG-tests-2] INFO  com.automation.tests.BaseTest - Starting test: testDeletePet
2026-02-04 00:54:09.713 [TestNG-tests-2] INFO  com.automation.core.browser.DriverFactory - Creating chrome driver instance
2026-02-04 00:54:09.717 [TestNG-tests-2] INFO  io.github.bonigarcia.wdm.WebDriverManager - Using chromedriver 144.0.7559.109 (resolved driver for Chrome 144)
2026-02-04 00:54:09.726 [TestNG-tests-2] INFO  io.github.bonigarcia.wdm.WebDriverManager - Exporting webdriver.chrome.driver as /Users/mitsram/.cache/selenium/chromedriver/mac-arm64/144.0.7559.109/chromedriver
2026-02-04 00:54:10.268 [TestNG-tests-1] INFO  com.automation.core.browser.DriverFactory - Driver configured successfully
2026-02-04 00:54:10.269 [TestNG-tests-1] INFO  com.automation.tests.BaseTest - Starting product count test
2026-02-04 00:54:10.269 [TestNG-tests-1] INFO  com.automation.workflows.BaseWorkflow - Workflow Step: Navigating to Saucedemo login page
2026-02-04 00:54:10.593 [TestNG-tests-2] INFO  com.automation.core.browser.DriverFactory - Driver configured successfully
2026-02-04 00:54:10.594 [TestNG-tests-2] INFO  com.automation.tests.BaseTest - Deleting pet with ID: 1770119643137
2026-02-04 00:54:10.594 [TestNG-tests-2] INFO  com.automation.core.api.APIClient - DELETE request to: https://petstore.swagger.io/v2/pet/1770119643137
2026-02-04 00:54:10.810 [TestNG-tests-2] INFO  com.automation.core.api.APIClient - Response received - Status: 200, Body length: 55
2026-02-04 00:54:10.810 [TestNG-tests-2] INFO  com.automation.tests.BaseTest - Pet deleted successfully
2026-02-04 00:54:10.811 [TestNG-tests-2] INFO  com.automation.core.api.APIClient - GET request to: https://petstore.swagger.io/v2/pet/1770119643137
2026-02-04 00:54:10.834 [TestNG-tests-1] INFO  com.automation.core.actions.WebActions - Navigated to URL: https://www.saucedemo.com
2026-02-04 00:54:10.838 [TestNG-tests-1] INFO  com.automation.pages.BasePage - Navigated to: https://www.saucedemo.com
2026-02-04 00:54:10.839 [TestNG-tests-1] INFO  com.automation.workflows.BaseWorkflow - Workflow Step: Verifying login page is loaded
2026-02-04 00:54:10.861 [TestNG-tests-1] INFO  com.automation.workflows.BaseWorkflow - Workflow Step: Logging in with username: standard_user
2026-02-04 00:54:10.945 [TestNG-tests-1] INFO  com.automation.core.elements.Element - Typed 'standard_user' into element 'Username Field'
2026-02-04 00:54:11.019 [TestNG-tests-1] INFO  com.automation.core.elements.Element - Typed 'secret_sauce' into element 'Password Field'
2026-02-04 00:54:11.029 [TestNG-tests-2] INFO  com.automation.core.api.APIClient - Response received - Status: 404, Body length: 51
2026-02-04 00:54:11.029 [TestNG-tests-2] INFO  com.automation.tests.BaseTest - Verified pet no longer exists
]]></system-out>
    <system-err><![CDATA[Feb 04, 2026 12:54:09 AM org.openqa.selenium.devtools.CdpVersionFinder findNearestMatch
WARNING: Unable to find CDP implementation matching 144
Feb 04, 2026 12:54:09 AM org.openqa.selenium.chromium.ChromiumDriver lambda$new$5
WARNING: Unable to find version of CDP to use for 144.0.7559.110. You may need to include a dependency on a specific version of the CDP using something similar to `org.seleniumhq.selenium:selenium-devtools-v86:4.18.1` where the version ("v86") matches the version of the chromium-based browser you're using and the version number of the artifact is the same as Selenium's.
Feb 04, 2026 12:54:10 AM org.openqa.selenium.devtools.CdpVersionFinder findNearestMatch
WARNING: Unable to find CDP implementation matching 144
Feb 04, 2026 12:54:10 AM org.openqa.selenium.chromium.ChromiumDriver lambda$new$5
WARNING: Unable to find version of CDP to use for 144.0.7559.110. You may need to include a dependency on a specific version of the CDP using something similar to `org.seleniumhq.selenium:selenium-devtools-v86:4.18.1` where the version ("v86") matches the version of the chromium-based browser you're using and the version number of the artifact is the same as Selenium's.
]]></system-err>
  </testcase>
  <testcase name="testGetNonExistentPet" classname="com.automation.examples.api.PetStoreAPITest" time="0.145">
    <system-out><![CDATA[2026-02-04 00:54:11.121 [TestNG-tests-1] INFO  com.automation.tests.BaseTest - Test passed: testProductCount
2026-02-04 00:54:11.125 [TestNG-tests-2] INFO  com.automation.core.browser.DriverManager - Driver quit successfully for thread: 38
2026-02-04 00:54:11.126 [TestNG-tests-2] INFO  com.automation.tests.BaseTest - Finished test: testDeletePet
2026-02-04 00:54:11.126 [TestNG-tests-2] INFO  com.automation.tests.BaseTest - Starting test: testGetNonExistentPet
2026-02-04 00:54:11.127 [TestNG-tests-2] INFO  com.automation.core.browser.DriverFactory - Creating chrome driver instance
2026-02-04 00:54:11.133 [TestNG-tests-2] INFO  io.github.bonigarcia.wdm.WebDriverManager - Using chromedriver 144.0.7559.109 (resolved driver for Chrome 144)
2026-02-04 00:54:11.137 [TestNG-tests-2] INFO  io.github.bonigarcia.wdm.WebDriverManager - Exporting webdriver.chrome.driver as /Users/mitsram/.cache/selenium/chromedriver/mac-arm64/144.0.7559.109/chromedriver
2026-02-04 00:54:11.233 [TestNG-tests-1] INFO  com.automation.core.browser.DriverManager - Driver quit successfully for thread: 37
2026-02-04 00:54:11.233 [TestNG-tests-1] INFO  com.automation.tests.BaseTest - Finished test: testProductCount
2026-02-04 00:54:11.233 [TestNG-tests-1] INFO  com.automation.tests.BaseTest - Starting test: testAddToCart
2026-02-04 00:54:11.233 [TestNG-tests-1] INFO  com.automation.core.browser.DriverFactory - Creating chrome driver instance
2026-02-04 00:54:11.236 [TestNG-tests-1] INFO  io.github.bonigarcia.wdm.WebDriverManager - Using chromedriver 144.0.7559.109 (resolved driver for Chrome 144)
2026-02-04 00:54:11.238 [TestNG-tests-1] INFO  io.github.bonigarcia.wdm.WebDriverManager - Exporting webdriver.chrome.driver as /Users/mitsram/.cache/selenium/chromedriver/mac-arm64/144.0.7559.109/chromedriver
2026-02-04 00:54:12.036 [TestNG-tests-2] INFO  com.automation.core.browser.DriverFactory - Driver configured successfully
2026-02-04 00:54:12.036 [TestNG-tests-2] INFO  com.automation.tests.BaseTest - Attempting to get non-existent pet
2026-02-04 00:54:12.036 [TestNG-tests-2] INFO  com.automation.core.api.APIClient - GET request to: https://petstore.swagger.io/v2/pet/999999999
2026-02-04 00:54:12.106 [TestNG-tests-1] INFO  com.automation.core.browser.DriverFactory - Driver configured successfully
2026-02-04 00:54:12.107 [TestNG-tests-1] INFO  com.automation.tests.BaseTest - Starting add to cart test
2026-02-04 00:54:12.107 [TestNG-tests-1] INFO  com.automation.workflows.BaseWorkflow - Workflow Step: Navigating to Saucedemo login page
2026-02-04 00:54:12.252 [TestNG-tests-2] INFO  com.automation.core.api.APIClient - Response received - Status: 404, Body length: 51
2026-02-04 00:54:12.252 [TestNG-tests-2] INFO  com.automation.tests.BaseTest - 404 error verified for non-existent pet
]]></system-out>
    <system-err><![CDATA[Feb 04, 2026 12:54:11 AM org.openqa.selenium.devtools.CdpVersionFinder findNearestMatch
WARNING: Unable to find CDP implementation matching 144
Feb 04, 2026 12:54:11 AM org.openqa.selenium.chromium.ChromiumDriver lambda$new$5
WARNING: Unable to find version of CDP to use for 144.0.7559.110. You may need to include a dependency on a specific version of the CDP using something similar to `org.seleniumhq.selenium:selenium-devtools-v86:4.18.1` where the version ("v86") matches the version of the chromium-based browser you're using and the version number of the artifact is the same as Selenium's.
Feb 04, 2026 12:54:11 AM org.openqa.selenium.devtools.CdpVersionFinder findNearestMatch
WARNING: Unable to find CDP implementation matching 144
Feb 04, 2026 12:54:11 AM org.openqa.selenium.chromium.ChromiumDriver lambda$new$5
WARNING: Unable to find version of CDP to use for 144.0.7559.110. You may need to include a dependency on a specific version of the CDP using something similar to `org.seleniumhq.selenium:selenium-devtools-v86:4.18.1` where the version ("v86") matches the version of the chromium-based browser you're using and the version number of the artifact is the same as Selenium's.
]]></system-err>
  </testcase>
  <testcase name="testGetStoreInventory" classname="com.automation.examples.api.PetStoreAPITest" time="0.219">
    <system-out><![CDATA[2026-02-04 00:54:13.039 [TestNG-tests-1] INFO  com.automation.tests.BaseTest - Test passed: testAddToCart
2026-02-04 00:54:13.124 [TestNG-tests-1] INFO  com.automation.core.browser.DriverManager - Driver quit successfully for thread: 37
2026-02-04 00:54:13.124 [TestNG-tests-1] INFO  com.automation.tests.BaseTest - Finished test: testAddToCart
2026-02-04 00:54:13.125 [TestNG-tests-1] INFO  com.automation.tests.BaseTest - Finished test class: SauceDemoTest
2026-02-04 00:54:13.342 [TestNG-tests-2] INFO  com.automation.core.browser.DriverFactory - Driver configured successfully
2026-02-04 00:54:13.343 [TestNG-tests-2] INFO  com.automation.tests.BaseTest - Getting store inventory
2026-02-04 00:54:13.343 [TestNG-tests-2] INFO  com.automation.core.api.APIClient - GET request to: https://petstore.swagger.io/v2/store/inventory
2026-02-04 00:54:13.560 [TestNG-tests-2] INFO  com.automation.core.api.APIClient - Response received - Status: 200, Body length: 342
2026-02-04 00:54:13.561 [TestNG-tests-2] INFO  com.automation.tests.BaseTest - Store inventory retrieved successfully
]]></system-out>
  </testcase>
</testsuite>