<?xml version="1.0" encoding="UTF-8"?>
<!-- Generated by org.testng.reporters.JUnitReportReporter -->
<testsuite hostname="Mits-MacBook-Pro.local" failures="0" tests="7" name="com.automation.examples.api.PetStoreAPITest" time="10.499" errors="0" timestamp="2026-02-04T00:54:13 NZDT" skipped="0">
  <testcase classname="com.automation.examples.api.PetStoreAPITest" name="testCreatePet" time="2.027"/>
  <testcase classname="com.automation.examples.api.PetStoreAPITest" name="testGetPet" time="1.271"/>
  <testcase classname="com.automation.examples.api.PetStoreAPITest" name="testUpdatePet" time="1.219"/>
  <testcase classname="com.automation.examples.api.PetStoreAPITest" name="testFindPetsByStatus" time="2.100"/>
  <testcase classname="com.automation.examples.api.PetStoreAPITest" name="testDeletePet" time="1.361"/>
  <testcase classname="com.automation.examples.api.PetStoreAPITest" name="testGetNonExistentPet" time="1.318"/>
  <testcase classname="com.automation.examples.api.PetStoreAPITest" name="testGetStoreInventory" time="1.203"/>
</testsuite> <!-- com.automation.examples.api.PetStoreAPITest -->
