<?xml version="1.0" encoding="UTF-8"?>
<!-- Generated by org.testng.reporters.JUnitReportReporter -->
<testsuite hostname="Mits-MacBook-Pro.local" failures="0" tests="5" name="com.automation.examples.tests.SauceDemoTest" time="10.052" errors="0" timestamp="2026-02-04T00:54:13 NZDT" skipped="0">
  <testcase classname="com.automation.examples.tests.SauceDemoTest" name="testSuccessfulLogin" time="1.921"/>
  <testcase classname="com.automation.examples.tests.SauceDemoTest" name="testInvalidLogin" time="1.969"/>
  <testcase classname="com.automation.examples.tests.SauceDemoTest" name="testLockedOutUser" time="1.933"/>
  <testcase classname="com.automation.examples.tests.SauceDemoTest" name="testProductCount" time="2.312"/>
  <testcase classname="com.automation.examples.tests.SauceDemoTest" name="testAddToCart" time="1.917"/>
</testsuite> <!-- com.automation.examples.tests.SauceDemoTest -->
