<?xml version="1.0" encoding="UTF-8"?>
<!-- Generated by org.testng.reporters.JUnitXMLReporter -->
<testsuite ignored="0" hostname="Mits-MacBook-Pro.local" failures="0" tests="7" name="PetStore API Tests" time="10.585" errors="0" timestamp="2026-02-04T00:54:13 NZDT">
  <testcase classname="com.automation.examples.api.PetStoreAPITest" name="testCreatePet" time="1.02"/>
  <testcase classname="com.automation.examples.api.PetStoreAPITest" name="testGetPet" time="0.217"/>
  <testcase classname="com.automation.examples.api.PetStoreAPITest" name="testUpdatePet" time="0.218"/>
  <testcase classname="com.automation.examples.api.PetStoreAPITest" name="testFindPetsByStatus" time="0.713"/>
  <testcase classname="com.automation.examples.api.PetStoreAPITest" name="testDeletePet" time="0.436"/>
  <testcase classname="com.automation.examples.api.PetStoreAPITest" name="testGetNonExistentPet" time="0.216"/>
  <testcase classname="com.automation.examples.api.PetStoreAPITest" name="testGetStoreInventory" time="0.218"/>
</testsuite> <!-- PetStore API Tests -->
