<?xml version="1.0" encoding="UTF-8"?>
<!-- Generated by org.testng.reporters.JUnitXMLReporter -->
<testsuite ignored="0" hostname="Mits-MacBook-Pro.local" failures="0" tests="5" name="Saucedemo UI Tests" time="10.068" errors="0" timestamp="2026-02-04T00:54:13 NZDT">
  <testcase classname="com.automation.examples.tests.SauceDemoTest" name="testSuccessfulLogin" time="0.934"/>
  <testcase classname="com.automation.examples.tests.SauceDemoTest" name="testInvalidLogin" time="0.944"/>
  <testcase classname="com.automation.examples.tests.SauceDemoTest" name="testLockedOutUser" time="0.836"/>
  <testcase classname="com.automation.examples.tests.SauceDemoTest" name="testProductCount" time="0.853"/>
  <testcase classname="com.automation.examples.tests.SauceDemoTest" name="testAddToCart" time="0.932"/>
</testsuite> <!-- Saucedemo UI Tests -->
